hello
(语音控制 AND 车载) OR  (方言 AND 车载)  OR  (识别率 AND 车载)  OR  (大屏 AND 车载) 
./output/语音控制_frequency_week_2018-04-24-21-05.png
./output/语音控制_ratio_week_2018-04-24-21-05.png
1 2
hello
 (发微信 AND 车载)  OR (手机接管 AND 车载) OR  (carplay AND 车载)  OR  (拨打电话 AND 车载) 
./output/手机接管_frequency_week_2018-04-24-21-06.png
./output/手机接管_ratio_week_2018-04-24-21-06.png
1 2
hello
 (智能泊车 AND 车载)  OR  (无人驾驶 AND 车载)  OR (智能驾驶 AND 车载) OR  (自动驾驶 AND 车载) 
./output/智能驾驶_frequency_week_2018-04-24-21-06.png
./output/智能驾驶_ratio_week_2018-04-24-21-06.png
1 2
hello
 (巡航系统 AND 车载)  OR  (远程找车 AND 车载)  OR (实时路况 AND 车载) OR  (高德地图 AND 车载) 
./output/实时路况_frequency_week_2018-04-24-21-07.png
./output/实时路况_ratio_week_2018-04-24-21-07.png
1 2
hello
(救援服务 AND 车载) OR  (紧急救援 AND 车载)  OR  (疲劳驾驶 AND 车载)  OR  (道路救援 AND 车载) 
./output/救援服务_frequency_week_2018-04-24-21-07.png
./output/救援服务_ratio_week_2018-04-24-21-07.png
1 2
hello
 (流媒体后视镜 AND 车载)  OR  (环视摄像头 AND 车载)  OR (行车记录仪 AND 车载) OR  (驾驶习惯记录 AND 车载) 
./output/行车记录仪_frequency_week_2018-04-24-21-09.png
./output/行车记录仪_ratio_week_2018-04-24-21-09.png
1 2
Traceback (most recent call last):
  File "key_word_trend.py", line 11, in <module>
    from intelligent.platform.key_word_trend.PGC_count_trend import pgc_main
  File "/home/liuhongyu/wangwei/intelligent/intelligent/platform/key_word_trend/PGC_count_trend.py", line 42
    ]}},
    ^
SyntaxError: invalid syntax
Traceback (most recent call last):
  File "key_word_trend.py", line 228, in <module>
    TrendKeyWord().trend_main(term, synonyms, time_interval, result_type, output_path, chain_type)
  File "key_word_trend.py", line 210, in trend_main
    term_result_dict = self.es_process_data(key_words_dict, time_interval=time_interval)
  File "key_word_trend.py", line 48, in es_process_data
    news_data = news_main(save_excel_path, k_word, query_type=time_interval)
  File "/home/liuhongyu/wangwei/intelligent/intelligent/platform/key_word_trend/news_count_trend.py", line 271, in news_main
    time_number = key_word_es_query(start_time, end_time, term, query_type=query_type)  # 搜索关键词的每周文章数据
  File "/home/liuhongyu/wangwei/intelligent/intelligent/platform/key_word_trend/news_count_trend.py", line 57, in key_word_es_query
    es_count = es.search(index="community2", body=body, size=0)
  File "/home/liuhongyu/anaconda2/lib/python2.7/site-packages/elasticsearch/client/utils.py", line 73, in _wrapped
    return func(*args, params=params, **kwargs)
  File "/home/liuhongyu/anaconda2/lib/python2.7/site-packages/elasticsearch/client/__init__.py", line 623, in search
    doc_type, '_search'), params=params, body=body)
  File "/home/liuhongyu/anaconda2/lib/python2.7/site-packages/elasticsearch/transport.py", line 312, in perform_request
    status, headers, data = connection.perform_request(method, url, params, body, ignore=ignore, timeout=timeout)
  File "/home/liuhongyu/anaconda2/lib/python2.7/site-packages/elasticsearch/connection/http_urllib3.py", line 114, in perform_request
    response = self.pool.urlopen(method, url, body, retries=False, headers=self.headers, **kw)
  File "/home/liuhongyu/anaconda2/lib/python2.7/site-packages/urllib3/connectionpool.py", line 601, in urlopen
    chunked=chunked)
  File "/home/liuhongyu/anaconda2/lib/python2.7/site-packages/urllib3/connectionpool.py", line 380, in _make_request
    httplib_response = conn.getresponse(buffering=True)
  File "/home/liuhongyu/anaconda2/lib/python2.7/httplib.py", line 1121, in getresponse
    response.begin()
  File "/home/liuhongyu/anaconda2/lib/python2.7/httplib.py", line 438, in begin
    version, status, reason = self._read_status()
  File "/home/liuhongyu/anaconda2/lib/python2.7/httplib.py", line 394, in _read_status
    line = self.fp.readline(_MAXLINE + 1)
  File "/home/liuhongyu/anaconda2/lib/python2.7/socket.py", line 480, in readline
    data = self._sock.recv(self._rbufsize)
KeyboardInterrupt
list index out of range
list index out of range
list index out of range
list index out of range
list index out of range
list index out of range
list index out of range
./output/行车记录仪_frequency_week_2018-04-25-10-05.png
./output/行车记录仪_ratio_week_2018-04-25-10-05.png
1 2
./output/远程控制_frequency_week_2018-04-25-10-05.png
./output/远程控制_ratio_week_2018-04-25-10-05.png
1 2
./output/天气_frequency_week_2018-04-25-10-05.png
./output/天气_ratio_week_2018-04-25-10-05.png
1 2
./output/智能驾驶_frequency_week_2018-04-25-10-05.png
./output/智能驾驶_ratio_week_2018-04-25-10-05.png
1 2
{u'2017-11-27': 1015189, u'2018-01-15': 1094609, u'2018-03-05': 728739, u'2017-05-29': 755, u'2017-07-03': 556511, u'2017-08-21': 922762, u'2017-11-06': 847247, u'2017-05-22': 547, u'2017-07-24': 908563, u'2017-04-24': 62, u'2017-11-20': 713976, u'2017-05-01': 145, u'2017-10-16': 736206, u'2018-04-02': 838857, u'2017-04-03': 29, u'2017-03-27': 9, u'2018-02-26': 833093, u'2018-04-09': 876702, u'2017-05-08': 143, u'2017-06-26': 143975, u'2018-02-05': 739799, u'2017-09-18': 671405, u'2017-12-11': 1159624, u'2018-03-12': 842836, u'2017-12-18': 1137265, u'2017-09-11': 724163, u'2018-01-08': 1197764, u'2018-01-29': 892916, u'2018-03-19': 806187, u'2018-01-01': 1085687, u'2017-10-23': 704364, u'2018-01-22': 981465, u'2017-07-10': 981511, u'2017-10-09': 817602, u'2017-11-13': 843527, u'2017-08-14': 1007798, u'2017-08-28': 768998, u'2017-07-17': 980500, u'2018-03-26': 799216, u'2017-10-02': 453459, u'2017-07-31': 819797, u'2017-06-12': 11972, u'2017-04-17': 29, u'2018-04-16': 1079602, u'2017-04-10': 19, u'2018-02-12': 522438, u'2017-05-15': 190284, u'2017-06-19': 55519, u'2018-02-19': 693378, u'2017-10-30': 872129, u'2017-12-04': 1110635, u'2017-09-25': 576511, u'2017-06-05': 1283, u'2017-09-04': 861446, u'2017-12-25': 1256398, u'2017-08-07': 900596}
[u'2018-04-16', u'2018-04-09', u'2018-04-02', u'2018-03-26', u'2018-03-19', u'2018-03-12', u'2018-03-05', u'2018-02-26', u'2018-02-19', u'2018-02-12', u'2018-02-05', u'2018-01-29', u'2018-01-22', u'2018-01-15', u'2018-01-08', u'2018-01-01', u'2017-12-25', u'2017-12-18', u'2017-12-11', u'2017-12-04', u'2017-11-27', u'2017-11-20', u'2017-11-13', u'2017-11-06', u'2017-10-30', u'2017-10-23', u'2017-10-16', u'2017-10-09', u'2017-10-02', u'2017-09-25', u'2017-09-18', u'2017-09-11', u'2017-09-04', u'2017-08-28', u'2017-08-21', u'2017-08-14', u'2017-08-07', u'2017-07-31', u'2017-07-24', u'2017-07-17', u'2017-07-10', u'2017-07-03', u'2017-06-26', u'2017-06-19', u'2017-06-12', u'2017-06-05', u'2017-05-29', u'2017-05-22', u'2017-05-15'] sort_time
{'query': {'bool': {'must': [{'range': {'post_time': {'gte': '2017-4-01 00:00:00', 'lte': '2018-04-25 00:00:00'}}}, {'term': {'site_type': {'value': 15}}}]}}, 'aggs': {'date': {'date_histogram': {'field': 'post_time', 'interval': 'week'}}}}
./output/远程控制_frequency_week_2018-04-25-10-39.png
./output/远程控制_ratio_week_2018-04-25-10-39.png
1 2
{u'2017-11-27': 1015189, u'2018-01-15': 1094609, u'2018-03-05': 728739, u'2017-05-29': 755, u'2017-07-03': 556511, u'2017-08-21': 922762, u'2017-11-06': 847247, u'2017-05-22': 547, u'2017-07-24': 908563, u'2017-04-24': 62, u'2017-11-20': 713976, u'2017-05-01': 145, u'2017-10-16': 736206, u'2018-04-02': 838857, u'2017-04-03': 29, u'2017-03-27': 9, u'2018-02-26': 833093, u'2018-04-09': 876702, u'2017-05-08': 143, u'2017-06-26': 143975, u'2018-02-05': 739799, u'2017-09-18': 671405, u'2017-12-11': 1159624, u'2018-03-12': 842836, u'2017-12-18': 1137265, u'2017-09-11': 724163, u'2018-01-08': 1197764, u'2018-01-29': 892916, u'2018-03-19': 806187, u'2018-01-01': 1085687, u'2017-10-23': 704364, u'2018-01-22': 981465, u'2017-07-10': 981511, u'2017-10-09': 817602, u'2017-11-13': 843527, u'2017-08-14': 1007798, u'2017-08-28': 768998, u'2017-07-17': 980500, u'2018-03-26': 799216, u'2017-10-02': 453459, u'2017-07-31': 819797, u'2017-06-12': 11972, u'2017-04-17': 29, u'2018-04-16': 1079601, u'2017-04-10': 19, u'2018-02-12': 522438, u'2017-05-15': 190284, u'2017-06-19': 55519, u'2018-02-19': 693378, u'2017-10-30': 872129, u'2017-12-04': 1110635, u'2017-09-25': 576511, u'2017-06-05': 1283, u'2017-09-04': 861446, u'2017-12-25': 1256398, u'2017-08-07': 900596}
[u'2018-04-09', u'2018-04-02', u'2018-03-26', u'2018-03-19', u'2018-03-12', u'2018-03-05', u'2018-02-26', u'2018-02-19', u'2018-02-12', u'2018-02-05', u'2018-01-29', u'2018-01-22', u'2018-01-15', u'2018-01-08', u'2018-01-01', u'2017-12-25', u'2017-12-18', u'2017-12-11', u'2017-12-04', u'2017-11-27', u'2017-11-20', u'2017-11-13', u'2017-11-06', u'2017-10-30', u'2017-10-23', u'2017-10-16', u'2017-10-09', u'2017-10-02', u'2017-09-25', u'2017-09-18', u'2017-09-11', u'2017-09-04', u'2017-08-28', u'2017-08-21', u'2017-08-14', u'2017-08-07', u'2017-07-31', u'2017-07-24', u'2017-07-17', u'2017-07-10', u'2017-07-03', u'2017-06-26', u'2017-06-19'] sort_time
{'query': {'bool': {'must': [{'range': {'post_time': {'gte': '2017-4-01 00:00:00', 'lte': '2018-04-25 00:00:00'}}}, {'term': {'site_type': {'value': 15}}}]}}, 'aggs': {'date': {'date_histogram': {'field': 'post_time', 'interval': 'week'}}}}
./output/手机接管_frequency_week_2018-04-25-10-41.png
./output/手机接管_ratio_week_2018-04-25-10-41.png
1 2
{u'2017-11-27': 1015189, u'2018-01-15': 1094609, u'2018-03-05': 728739, u'2017-05-29': 755, u'2017-07-03': 556511, u'2017-08-21': 922762, u'2017-11-06': 847247, u'2017-05-22': 547, u'2017-07-24': 908563, u'2017-04-24': 62, u'2017-11-20': 713976, u'2017-05-01': 145, u'2017-10-16': 736206, u'2018-04-02': 838857, u'2017-04-03': 29, u'2017-03-27': 9, u'2018-02-26': 833093, u'2018-04-09': 876702, u'2017-05-08': 143, u'2017-06-26': 143975, u'2018-02-05': 739799, u'2017-09-18': 671405, u'2017-12-11': 1159624, u'2018-03-12': 842836, u'2017-12-18': 1137265, u'2017-09-11': 724163, u'2018-01-08': 1197764, u'2018-01-29': 892916, u'2018-03-19': 806187, u'2018-01-01': 1085687, u'2017-10-23': 704364, u'2018-01-22': 981465, u'2017-07-10': 981511, u'2017-10-09': 817602, u'2017-11-13': 843527, u'2017-08-14': 1007798, u'2017-08-28': 768998, u'2017-07-17': 980500, u'2018-03-26': 799216, u'2017-10-02': 453459, u'2017-07-31': 819797, u'2017-06-12': 11972, u'2017-04-17': 29, u'2018-04-16': 1079601, u'2017-04-10': 19, u'2018-02-12': 522438, u'2017-05-15': 190284, u'2017-06-19': 55519, u'2018-02-19': 693378, u'2017-10-30': 872129, u'2017-12-04': 1110635, u'2017-09-25': 576511, u'2017-06-05': 1283, u'2017-09-04': 861446, u'2017-12-25': 1256398, u'2017-08-07': 900596}
[u'2018-04-16', u'2018-04-09', u'2018-04-02', u'2018-03-26', u'2018-03-19', u'2018-03-12', u'2018-03-05', u'2018-02-26', u'2018-02-19', u'2018-02-12', u'2018-02-05', u'2018-01-29', u'2018-01-22', u'2018-01-15', u'2018-01-08', u'2018-01-01', u'2017-12-25', u'2017-12-18', u'2017-12-11', u'2017-12-04', u'2017-11-27', u'2017-11-20', u'2017-11-13', u'2017-11-06', u'2017-10-30', u'2017-10-23', u'2017-10-16', u'2017-10-09', u'2017-10-02', u'2017-09-25', u'2017-09-18', u'2017-09-11', u'2017-09-04', u'2017-08-28', u'2017-08-21', u'2017-08-14', u'2017-08-07', u'2017-07-31', u'2017-07-24', u'2017-07-17', u'2017-07-10', u'2017-07-03', u'2017-06-26', u'2017-06-19', u'2017-06-12'] sort_time
{'query': {'bool': {'must': [{'range': {'post_time': {'gte': '2017-4-01 00:00:00', 'lte': '2018-04-25 00:00:00'}}}, {'term': {'site_type': {'value': 15}}}]}}, 'aggs': {'date': {'date_histogram': {'field': 'post_time', 'interval': 'week'}}}}
./output/实时路况_frequency_week_2018-04-25-10-41.png
./output/实时路况_ratio_week_2018-04-25-10-41.png
1 2
{u'2017-11-27': 1015189, u'2018-01-15': 1094609, u'2018-03-05': 728739, u'2017-05-29': 755, u'2017-07-03': 556511, u'2017-08-21': 922762, u'2017-11-06': 847247, u'2017-05-22': 547, u'2017-07-24': 908563, u'2017-04-24': 62, u'2017-11-20': 713976, u'2017-05-01': 145, u'2017-10-16': 736206, u'2018-04-02': 838857, u'2017-04-03': 29, u'2017-03-27': 9, u'2018-02-26': 833093, u'2018-04-09': 876702, u'2017-05-08': 143, u'2017-06-26': 143975, u'2018-02-05': 739799, u'2017-09-18': 671405, u'2017-12-11': 1159624, u'2018-03-12': 842836, u'2017-12-18': 1137265, u'2017-09-11': 724163, u'2018-01-08': 1197764, u'2018-01-29': 892916, u'2018-03-19': 806187, u'2018-01-01': 1085687, u'2017-10-23': 704364, u'2018-01-22': 981465, u'2017-07-10': 981511, u'2017-10-09': 817602, u'2017-11-13': 843527, u'2017-08-14': 1007798, u'2017-08-28': 768998, u'2017-07-17': 980500, u'2018-03-26': 799216, u'2017-10-02': 453459, u'2017-07-31': 819797, u'2017-06-12': 11972, u'2017-04-17': 29, u'2018-04-16': 1079601, u'2017-04-10': 19, u'2018-02-12': 522438, u'2017-05-15': 190284, u'2017-06-19': 55519, u'2018-02-19': 693378, u'2017-10-30': 872129, u'2017-12-04': 1110635, u'2017-09-25': 576511, u'2017-06-05': 1283, u'2017-09-04': 861446, u'2017-12-25': 1256398, u'2017-08-07': 900596}
[u'2018-04-16', u'2018-04-09', u'2018-04-02', u'2018-03-26', u'2018-03-19', u'2018-03-12', u'2018-03-05', u'2018-02-26', u'2018-02-19', u'2018-02-12', u'2018-02-05', u'2018-01-29', u'2018-01-22', u'2018-01-15', u'2018-01-08', u'2018-01-01', u'2017-12-25', u'2017-12-18', u'2017-12-11', u'2017-12-04', u'2017-11-27', u'2017-11-20', u'2017-11-13', u'2017-11-06', u'2017-10-30', u'2017-10-23', u'2017-10-16', u'2017-10-09', u'2017-10-02', u'2017-09-25', u'2017-09-18', u'2017-09-11', u'2017-09-04', u'2017-08-28', u'2017-08-21', u'2017-08-14', u'2017-08-07', u'2017-07-31', u'2017-07-24', u'2017-07-17', u'2017-07-10', u'2017-07-03', u'2017-06-26', u'2017-06-19', u'2017-06-12'] sort_time
{'query': {'bool': {'must': [{'range': {'post_time': {'gte': '2017-4-01 00:00:00', 'lte': '2018-04-25 00:00:00'}}}, {'term': {'site_type': {'value': 15}}}]}}, 'aggs': {'date': {'date_histogram': {'field': 'post_time', 'interval': 'week'}}}}
./output/实时路况_frequency_week_2018-04-25-10-41.png
./output/实时路况_ratio_week_2018-04-25-10-41.png
1 2
{u'2017-11-27': 1015189, u'2018-01-15': 1094609, u'2018-03-05': 728739, u'2017-05-29': 755, u'2017-07-03': 556511, u'2017-08-21': 922762, u'2017-11-06': 847247, u'2017-05-22': 547, u'2017-07-24': 908563, u'2017-04-24': 62, u'2017-11-20': 713976, u'2017-05-01': 145, u'2017-10-16': 736206, u'2018-04-02': 838857, u'2017-04-03': 29, u'2017-03-27': 9, u'2018-02-26': 833093, u'2018-04-09': 876702, u'2017-05-08': 143, u'2017-06-26': 143975, u'2018-02-05': 739799, u'2017-09-18': 671405, u'2017-12-11': 1159624, u'2018-03-12': 842836, u'2017-12-18': 1137265, u'2017-09-11': 724163, u'2018-01-08': 1197764, u'2018-01-29': 892916, u'2018-03-19': 806187, u'2018-01-01': 1085687, u'2017-10-23': 704364, u'2018-01-22': 981465, u'2017-07-10': 981511, u'2017-10-09': 817602, u'2017-11-13': 843527, u'2017-08-14': 1007798, u'2017-08-28': 768998, u'2017-07-17': 980500, u'2018-03-26': 799216, u'2017-10-02': 453459, u'2017-07-31': 819797, u'2017-06-12': 11972, u'2017-04-17': 29, u'2018-04-16': 1079601, u'2017-04-10': 19, u'2018-02-12': 522438, u'2017-05-15': 190284, u'2017-06-19': 55519, u'2018-02-19': 693378, u'2017-10-30': 872129, u'2017-12-04': 1110635, u'2017-09-25': 576511, u'2017-06-05': 1283, u'2017-09-04': 861446, u'2017-12-25': 1256398, u'2017-08-07': 900596}
[u'2018-04-16', u'2018-04-09', u'2018-04-02', u'2018-03-26', u'2018-03-19', u'2018-03-12', u'2018-03-05', u'2018-02-26', u'2018-02-19', u'2018-02-12', u'2018-02-05', u'2018-01-29', u'2018-01-22', u'2018-01-15', u'2018-01-08', u'2018-01-01', u'2017-12-25', u'2017-12-18', u'2017-12-11', u'2017-12-04', u'2017-11-27', u'2017-11-20', u'2017-11-13', u'2017-11-06', u'2017-10-30', u'2017-10-23', u'2017-10-16', u'2017-10-09', u'2017-10-02', u'2017-09-25', u'2017-09-18', u'2017-09-11', u'2017-09-04', u'2017-08-28', u'2017-08-21', u'2017-08-14', u'2017-08-07', u'2017-07-31', u'2017-07-24', u'2017-07-17', u'2017-07-10', u'2017-07-03', u'2017-06-26', u'2017-06-19', u'2017-06-12', u'2017-06-05', u'2017-05-29', u'2017-05-22', u'2017-05-15', u'2017-05-08', u'2017-05-01', u'2017-04-24', u'2017-04-17'] sort_time
{'query': {'bool': {'must': [{'range': {'post_time': {'gte': '2017-4-01 00:00:00', 'lte': '2018-04-25 00:00:00'}}}, {'term': {'site_type': {'value': 15}}}]}}, 'aggs': {'date': {'date_histogram': {'field': 'post_time', 'interval': 'week'}}}}
./output/智能驾驶_frequency_week_2018-04-25-10-41.png
./output/智能驾驶_ratio_week_2018-04-25-10-41.png
1 2
{u'2017-11-27': 1015189, u'2018-01-15': 1094609, u'2018-03-05': 728739, u'2017-05-29': 755, u'2017-07-03': 556511, u'2017-08-21': 922762, u'2017-11-06': 847247, u'2017-05-22': 547, u'2017-07-24': 908563, u'2017-04-24': 62, u'2017-11-20': 713976, u'2017-05-01': 145, u'2017-10-16': 736206, u'2018-04-02': 838857, u'2017-04-03': 29, u'2017-03-27': 9, u'2018-02-26': 833093, u'2018-04-09': 876702, u'2017-05-08': 143, u'2017-06-26': 143975, u'2018-02-05': 739799, u'2017-09-18': 671405, u'2017-12-11': 1159624, u'2018-03-12': 842836, u'2017-12-18': 1137265, u'2017-09-11': 724163, u'2018-01-08': 1197764, u'2018-01-29': 892916, u'2018-03-19': 806187, u'2018-01-01': 1085687, u'2017-10-23': 704364, u'2018-01-22': 981465, u'2017-07-10': 981511, u'2017-10-09': 817602, u'2017-11-13': 843527, u'2017-08-14': 1007798, u'2017-08-28': 768998, u'2017-07-17': 980500, u'2018-03-26': 799216, u'2017-10-02': 453459, u'2017-07-31': 819797, u'2017-06-12': 11972, u'2017-04-17': 29, u'2018-04-16': 1079601, u'2017-04-10': 19, u'2018-02-12': 522438, u'2017-05-15': 190284, u'2017-06-19': 55519, u'2018-02-19': 693378, u'2017-10-30': 872129, u'2017-12-04': 1110635, u'2017-09-25': 576511, u'2017-06-05': 1283, u'2017-09-04': 861446, u'2017-12-25': 1256398, u'2017-08-07': 900596}
[u'2018-04-16', u'2018-04-09', u'2018-04-02', u'2018-03-26', u'2018-03-19', u'2018-03-12', u'2018-03-05', u'2018-02-26', u'2018-02-19', u'2018-02-12', u'2018-02-05', u'2018-01-29', u'2018-01-22', u'2018-01-15', u'2018-01-08', u'2018-01-01', u'2017-12-25', u'2017-12-18', u'2017-12-11', u'2017-12-04', u'2017-11-27', u'2017-11-20', u'2017-11-13', u'2017-11-06', u'2017-10-30', u'2017-10-23', u'2017-10-16', u'2017-10-09', u'2017-10-02', u'2017-09-25', u'2017-09-18', u'2017-09-11', u'2017-09-04', u'2017-08-28', u'2017-08-21', u'2017-08-14', u'2017-08-07', u'2017-07-31', u'2017-07-24', u'2017-07-17', u'2017-07-10', u'2017-07-03', u'2017-06-26', u'2017-06-19'] sort_time
{'query': {'bool': {'must': [{'range': {'post_time': {'gte': '2017-4-01 00:00:00', 'lte': '2018-04-25 00:00:00'}}}, {'term': {'site_type': {'value': 15}}}]}}, 'aggs': {'date': {'date_histogram': {'field': 'post_time', 'interval': 'week'}}}}
./output/行车记录仪_frequency_week_2018-04-25-10-42.png
./output/行车记录仪_ratio_week_2018-04-25-10-42.png
1 2
{u'2017-11-27': 1015189, u'2018-01-15': 1094609, u'2018-03-05': 728739, u'2017-05-29': 755, u'2017-07-03': 556511, u'2017-08-21': 922762, u'2017-11-06': 847247, u'2017-05-22': 547, u'2017-07-24': 908563, u'2017-04-24': 62, u'2017-11-20': 713976, u'2017-05-01': 145, u'2017-10-16': 736206, u'2018-04-02': 838857, u'2017-04-03': 29, u'2017-03-27': 9, u'2018-02-26': 833093, u'2018-04-09': 876702, u'2017-05-08': 143, u'2017-06-26': 143975, u'2018-02-05': 739799, u'2017-09-18': 671405, u'2017-12-11': 1159624, u'2018-03-12': 842836, u'2017-12-18': 1137265, u'2017-09-11': 724163, u'2018-01-08': 1197764, u'2018-01-29': 892916, u'2018-03-19': 806187, u'2018-01-01': 1085687, u'2017-10-23': 704364, u'2018-01-22': 981465, u'2017-07-10': 981511, u'2017-10-09': 817602, u'2017-11-13': 843527, u'2017-08-14': 1007798, u'2017-08-28': 768998, u'2017-07-17': 980500, u'2018-03-26': 799216, u'2017-10-02': 453459, u'2017-07-31': 819797, u'2017-06-12': 11972, u'2017-04-17': 29, u'2018-04-16': 1079601, u'2017-04-10': 19, u'2018-02-12': 522438, u'2017-05-15': 190284, u'2017-06-19': 55519, u'2018-02-19': 693378, u'2017-10-30': 872129, u'2017-12-04': 1110635, u'2017-09-25': 576511, u'2017-06-05': 1283, u'2017-09-04': 861446, u'2017-12-25': 1256398, u'2017-08-07': 900596}
[u'2018-04-16', u'2018-04-09', u'2018-04-02', u'2018-03-26', u'2018-03-19', u'2018-03-12', u'2018-03-05', u'2018-02-26', u'2018-02-19', u'2018-02-12', u'2018-02-05', u'2018-01-29', u'2018-01-22', u'2018-01-15', u'2018-01-08', u'2018-01-01', u'2017-12-25', u'2017-12-18', u'2017-12-11', u'2017-12-04', u'2017-11-27', u'2017-11-20', u'2017-11-13', u'2017-11-06', u'2017-10-30', u'2017-10-23', u'2017-10-16', u'2017-10-09', u'2017-10-02', u'2017-09-25', u'2017-09-18', u'2017-09-11', u'2017-09-04', u'2017-08-28', u'2017-08-21', u'2017-08-14', u'2017-08-07', u'2017-07-31', u'2017-07-24', u'2017-07-17', u'2017-07-10', u'2017-07-03', u'2017-06-26', u'2017-06-19', u'2017-06-12', u'2017-06-05', u'2017-05-29', u'2017-05-22', u'2017-05-15'] sort_time
{'query': {'bool': {'must': [{'range': {'post_time': {'gte': '2017-4-01 00:00:00', 'lte': '2018-04-25 00:00:00'}}}, {'term': {'site_type': {'value': 15}}}]}}, 'aggs': {'date': {'date_histogram': {'field': 'post_time', 'interval': 'week'}}}}
./output/生态圈_frequency_week_2018-04-25-10-42.png
./output/生态圈_ratio_week_2018-04-25-10-42.png
1 2
{u'2017-11-27': 1015189, u'2018-01-15': 1094609, u'2018-03-05': 728739, u'2017-05-29': 755, u'2017-07-03': 556511, u'2017-08-21': 922762, u'2017-11-06': 847247, u'2017-05-22': 547, u'2017-07-24': 908563, u'2017-04-24': 62, u'2017-11-20': 713976, u'2017-05-01': 145, u'2017-10-16': 736206, u'2018-04-02': 838857, u'2017-04-03': 29, u'2017-03-27': 9, u'2018-02-26': 833093, u'2018-04-09': 876702, u'2017-05-08': 143, u'2017-06-26': 143975, u'2018-02-05': 739799, u'2017-09-18': 671405, u'2017-12-11': 1159624, u'2018-03-12': 842836, u'2017-12-18': 1137265, u'2017-09-11': 724163, u'2018-01-08': 1197764, u'2018-01-29': 892916, u'2018-03-19': 806187, u'2018-01-01': 1085687, u'2017-10-23': 704364, u'2018-01-22': 981465, u'2017-07-10': 981511, u'2017-10-09': 817602, u'2017-11-13': 843527, u'2017-08-14': 1007798, u'2017-08-28': 768998, u'2017-07-17': 980500, u'2018-03-26': 799216, u'2017-10-02': 453459, u'2017-07-31': 819797, u'2017-06-12': 11972, u'2017-04-17': 29, u'2018-04-16': 1079601, u'2017-04-10': 19, u'2018-02-12': 522438, u'2017-05-15': 190284, u'2017-06-19': 55519, u'2018-02-19': 693378, u'2017-10-30': 872129, u'2017-12-04': 1110635, u'2017-09-25': 576511, u'2017-06-05': 1283, u'2017-09-04': 861446, u'2017-12-25': 1256398, u'2017-08-07': 900596}
[u'2018-04-16', u'2018-04-09', u'2018-04-02', u'2018-03-26', u'2018-03-19', u'2018-03-12', u'2018-03-05', u'2018-02-26', u'2018-02-19', u'2018-02-12', u'2018-02-05', u'2018-01-29', u'2018-01-22', u'2018-01-15', u'2018-01-08', u'2018-01-01', u'2017-12-25', u'2017-12-18', u'2017-12-11', u'2017-12-04', u'2017-11-27', u'2017-11-20', u'2017-11-13', u'2017-11-06', u'2017-10-30', u'2017-10-23', u'2017-10-16', u'2017-10-09', u'2017-10-02', u'2017-09-25', u'2017-09-18', u'2017-09-11', u'2017-09-04', u'2017-08-28', u'2017-08-21', u'2017-08-14', u'2017-08-07', u'2017-07-31', u'2017-07-24', u'2017-07-17', u'2017-07-10', u'2017-07-03', u'2017-06-26', u'2017-06-19', u'2017-06-12', u'2017-06-05', u'2017-05-29', u'2017-05-22', u'2017-05-15'] sort_time
{'query': {'bool': {'must': [{'range': {'post_time': {'gte': '2017-4-01 00:00:00', 'lte': '2018-04-25 00:00:00'}}}, {'term': {'site_type': {'value': 15}}}]}}, 'aggs': {'date': {'date_histogram': {'field': 'post_time', 'interval': 'week'}}}}
./output/天气_frequency_week_2018-04-25-10-42.png
./output/天气_ratio_week_2018-04-25-10-42.png
1 2
{u'2017-11-27': 1015189, u'2018-01-15': 1094609, u'2018-03-05': 728739, u'2017-05-29': 755, u'2017-07-03': 556511, u'2017-08-21': 922762, u'2017-11-06': 847247, u'2017-05-22': 547, u'2017-07-24': 908563, u'2017-04-24': 62, u'2017-11-20': 713976, u'2017-05-01': 145, u'2017-10-16': 736206, u'2018-04-02': 838857, u'2017-04-03': 29, u'2017-03-27': 9, u'2018-02-26': 833093, u'2018-04-09': 876702, u'2017-05-08': 143, u'2017-06-26': 143975, u'2018-02-05': 739799, u'2017-09-18': 671405, u'2017-12-11': 1159624, u'2018-03-12': 842836, u'2017-12-18': 1137265, u'2017-09-11': 724163, u'2018-01-08': 1197764, u'2018-01-29': 892916, u'2018-03-19': 806187, u'2018-01-01': 1085687, u'2017-10-23': 704364, u'2018-01-22': 981465, u'2017-07-10': 981511, u'2017-10-09': 817602, u'2017-11-13': 843527, u'2017-08-14': 1007798, u'2017-08-28': 768998, u'2017-07-17': 980500, u'2018-03-26': 799216, u'2017-10-02': 453459, u'2017-07-31': 819797, u'2017-06-12': 11972, u'2017-04-17': 29, u'2018-04-16': 1079601, u'2017-04-10': 19, u'2018-02-12': 522438, u'2017-05-15': 190284, u'2017-06-19': 55519, u'2018-02-19': 693378, u'2017-10-30': 872129, u'2017-12-04': 1110635, u'2017-09-25': 576511, u'2017-06-05': 1283, u'2017-09-04': 861446, u'2017-12-25': 1256398, u'2017-08-07': 900596}
[u'2018-04-09', u'2018-04-02', u'2018-03-26', u'2018-03-19', u'2018-03-12', u'2018-03-05', u'2018-02-26', u'2018-02-19', u'2018-02-12', u'2018-02-05', u'2018-01-29', u'2018-01-22', u'2018-01-15', u'2018-01-08', u'2018-01-01', u'2017-12-25', u'2017-12-18', u'2017-12-11', u'2017-12-04', u'2017-11-27', u'2017-11-20', u'2017-11-13', u'2017-11-06', u'2017-10-30', u'2017-10-23', u'2017-10-16', u'2017-10-09', u'2017-10-02', u'2017-09-25', u'2017-09-18', u'2017-09-11', u'2017-09-04', u'2017-08-28', u'2017-08-21', u'2017-08-14', u'2017-08-07', u'2017-07-31', u'2017-07-24', u'2017-07-17', u'2017-07-10', u'2017-07-03'] sort_time
{'query': {'bool': {'must': [{'range': {'post_time': {'gte': '2017-4-01 00:00:00', 'lte': '2018-04-25 00:00:00'}}}, {'term': {'site_type': {'value': 15}}}]}}, 'aggs': {'date': {'date_histogram': {'field': 'post_time', 'interval': 'week'}}}}
./output/曲库_frequency_week_2018-04-25-10-42.png
./output/曲库_ratio_week_2018-04-25-10-42.png
1 2
{u'2017-11-27': 1015189, u'2018-01-15': 1094609, u'2018-03-05': 728739, u'2017-05-29': 755, u'2017-07-03': 556511, u'2017-08-21': 922762, u'2017-11-06': 847247, u'2017-05-22': 547, u'2017-07-24': 908563, u'2017-04-24': 62, u'2017-11-20': 713976, u'2017-05-01': 145, u'2017-10-16': 736206, u'2018-04-02': 838857, u'2017-04-03': 29, u'2017-03-27': 9, u'2018-02-26': 833093, u'2018-04-09': 876702, u'2017-05-08': 143, u'2017-06-26': 143975, u'2018-02-05': 739799, u'2017-09-18': 671405, u'2017-12-11': 1159624, u'2018-03-12': 842836, u'2017-12-18': 1137265, u'2017-09-11': 724163, u'2018-01-08': 1197764, u'2018-01-29': 892916, u'2018-03-19': 806187, u'2018-01-01': 1085687, u'2017-10-23': 704364, u'2018-01-22': 981465, u'2017-07-10': 981511, u'2017-10-09': 817602, u'2017-11-13': 843527, u'2017-08-14': 1007798, u'2017-08-28': 768998, u'2017-07-17': 980500, u'2018-03-26': 799216, u'2017-10-02': 453459, u'2017-07-31': 819797, u'2017-06-12': 11972, u'2017-04-17': 29, u'2018-04-16': 1079599, u'2017-04-10': 19, u'2018-02-12': 522438, u'2017-05-15': 190284, u'2017-06-19': 55519, u'2018-02-19': 693378, u'2017-10-30': 872129, u'2017-12-04': 1110635, u'2017-09-25': 576511, u'2017-06-05': 1283, u'2017-09-04': 861446, u'2017-12-25': 1256398, u'2017-08-07': 900596}
[u'2018-04-09', u'2018-04-02', u'2018-03-26', u'2018-03-19', u'2018-03-12', u'2018-03-05', u'2018-02-26', u'2018-02-19', u'2018-02-12', u'2018-02-05', u'2018-01-29', u'2018-01-22', u'2018-01-15', u'2018-01-08', u'2018-01-01', u'2017-12-25', u'2017-12-18', u'2017-12-11', u'2017-12-04', u'2017-11-27', u'2017-11-20', u'2017-11-13', u'2017-11-06', u'2017-10-30', u'2017-10-23', u'2017-10-16', u'2017-10-09', u'2017-10-02', u'2017-09-25', u'2017-09-18', u'2017-09-11', u'2017-09-04', u'2017-08-28', u'2017-08-21', u'2017-08-14', u'2017-08-07'] sort_time
{'query': {'bool': {'must': [{'range': {'post_time': {'gte': '2017-4-01 00:00:00', 'lte': '2018-04-25 00:00:00'}}}, {'term': {'site_type': {'value': 15}}}]}}, 'aggs': {'date': {'date_histogram': {'field': 'post_time', 'interval': 'week'}}}}
./output/多车互联_frequency_week_2018-04-25-10-42.png
./output/多车互联_ratio_week_2018-04-25-10-42.png
1 2
{u'2017-11-27': 1015189, u'2018-01-15': 1094609, u'2018-03-05': 728739, u'2017-05-29': 755, u'2017-07-03': 556511, u'2017-08-21': 922762, u'2017-11-06': 847247, u'2017-05-22': 547, u'2017-07-24': 908563, u'2017-04-24': 62, u'2017-11-20': 713976, u'2017-05-01': 145, u'2017-10-16': 736206, u'2018-04-02': 838857, u'2017-04-03': 29, u'2017-03-27': 9, u'2018-02-26': 833093, u'2018-04-09': 876702, u'2017-05-08': 143, u'2017-06-26': 143975, u'2018-02-05': 739799, u'2017-09-18': 671405, u'2017-12-11': 1159624, u'2018-03-12': 842836, u'2017-12-18': 1137265, u'2017-09-11': 724163, u'2018-01-08': 1197764, u'2018-01-29': 892916, u'2018-03-19': 806187, u'2018-01-01': 1085687, u'2017-10-23': 704364, u'2018-01-22': 981465, u'2017-07-10': 981511, u'2017-10-09': 817602, u'2017-11-13': 843527, u'2017-08-14': 1007798, u'2017-08-28': 768998, u'2017-07-17': 980500, u'2018-03-26': 799216, u'2017-10-02': 453459, u'2017-07-31': 819797, u'2017-06-12': 11972, u'2017-04-17': 29, u'2018-04-16': 1079601, u'2017-04-10': 19, u'2018-02-12': 522438, u'2017-05-15': 190284, u'2017-06-19': 55519, u'2018-02-19': 693378, u'2017-10-30': 872129, u'2017-12-04': 1110635, u'2017-09-25': 576511, u'2017-06-05': 1283, u'2017-09-04': 861446, u'2017-12-25': 1256398, u'2017-08-07': 900596}
[u'2018-04-16', u'2018-04-09', u'2018-04-02', u'2018-03-26', u'2018-03-19', u'2018-03-12', u'2018-03-05', u'2018-02-26', u'2018-02-19', u'2018-02-12', u'2018-02-05', u'2018-01-29', u'2018-01-22', u'2018-01-15', u'2018-01-08', u'2018-01-01', u'2017-12-25', u'2017-12-18', u'2017-12-11', u'2017-12-04', u'2017-11-27', u'2017-11-20', u'2017-11-13', u'2017-11-06', u'2017-10-30', u'2017-10-23', u'2017-10-16', u'2017-10-09', u'2017-10-02', u'2017-09-25', u'2017-09-18', u'2017-09-11', u'2017-09-04', u'2017-08-28', u'2017-08-21', u'2017-08-14', u'2017-08-07', u'2017-07-31', u'2017-07-24', u'2017-07-17', u'2017-07-10', u'2017-07-03', u'2017-06-26', u'2017-06-19', u'2017-06-12', u'2017-06-05', u'2017-05-29', u'2017-05-22', u'2017-05-15'] sort_time
{'query': {'bool': {'must': [{'range': {'post_time': {'gte': '2017-4-01 00:00:00', 'lte': '2018-04-25 00:00:00'}}}, {'term': {'site_type': {'value': 15}}}]}}, 'aggs': {'date': {'date_histogram': {'field': 'post_time', 'interval': 'week'}}}}
./output/救援服务_frequency_week_2018-04-25-10-43.png
./output/救援服务_ratio_week_2018-04-25-10-43.png
1 2
{u'2018-04-02': 838857, u'2018-04-16': 1078868, u'2018-02-26': 429994, u'2018-04-09': 876702, u'2018-03-12': 842836, u'2018-03-26': 799216, u'2018-03-19': 806187, u'2018-03-05': 728739}
[u'2018-04-16', u'2018-04-09', u'2018-04-02', u'2018-03-26', u'2018-03-19', u'2018-03-12', u'2018-03-05', u'2018-02-26'] sort_time
./output/语音控制车载_frequency_week_2018-04-25-12-53.png
./output/语音控制车载_ratio_week_2018-04-25-12-53.png
1 2
{u'2018-04-02': 838857, u'2018-04-16': 1078868, u'2018-02-26': 429994, u'2018-04-09': 876702, u'2018-03-12': 842836, u'2018-03-26': 799216, u'2018-03-19': 806187, u'2018-03-05': 728739}
[u'2018-04-16', u'2018-04-09', u'2018-04-02', u'2018-03-26', u'2018-03-19', u'2018-03-12', u'2018-03-05', u'2018-02-26'] sort_time
./output/读取故障车载_frequency_week_2018-04-25-12-54.png
./output/读取故障车载_ratio_week_2018-04-25-12-54.png
1 2
{u'2018-04-02': 838857, u'2018-04-16': 1078868, u'2018-02-26': 429994, u'2018-04-09': 876702, u'2018-03-12': 842836, u'2018-03-26': 799216, u'2018-03-19': 806187, u'2018-03-05': 728739}
[u'2018-04-16', u'2018-04-09', u'2018-04-02', u'2018-03-26', u'2018-03-19', u'2018-03-12', u'2018-03-05', u'2018-02-26'] sort_time
./output/巡航系统车载_frequency_week_2018-04-25-12-56.png
./output/巡航系统车载_ratio_week_2018-04-25-12-56.png
1 2
{u'2017-11-27': 1015189, u'2018-01-15': 1094609, u'2018-03-05': 728739, u'2017-05-29': 755, u'2017-07-03': 556511, u'2017-08-21': 922762, u'2017-11-06': 847247, u'2017-05-22': 547, u'2017-07-24': 908563, u'2017-04-24': 62, u'2017-11-20': 713976, u'2017-05-01': 145, u'2017-10-16': 736206, u'2018-04-02': 838857, u'2017-04-03': 29, u'2017-03-27': 9, u'2018-02-26': 833093, u'2018-04-09': 876702, u'2017-05-08': 143, u'2017-06-26': 143975, u'2018-02-05': 739799, u'2017-09-18': 671405, u'2017-12-11': 1159624, u'2018-03-12': 842836, u'2017-12-18': 1137265, u'2017-09-11': 724163, u'2018-01-08': 1197764, u'2018-01-29': 892916, u'2018-03-19': 806187, u'2018-01-01': 1085687, u'2017-10-23': 704364, u'2018-01-22': 981465, u'2017-07-10': 981511, u'2017-10-09': 817602, u'2017-11-13': 843527, u'2017-08-14': 1007798, u'2017-08-28': 768998, u'2017-07-17': 980500, u'2018-03-26': 799216, u'2017-10-02': 453459, u'2017-07-31': 819797, u'2017-06-12': 11972, u'2017-04-17': 29, u'2018-04-16': 1078868, u'2017-04-10': 19, u'2018-02-12': 522438, u'2017-05-15': 190284, u'2017-06-19': 55519, u'2018-02-19': 693378, u'2017-10-30': 872129, u'2017-12-04': 1110635, u'2017-09-25': 576511, u'2017-06-05': 1283, u'2017-09-04': 861446, u'2017-12-25': 1256398, u'2017-08-07': 900596}
./output/语言控制车载_frequency_week_2018-04-25-13-04.png
./output/语言控制车载_ratio_week_2018-04-25-13-04.png
1 2
{u'2017-11-27': 1015189, u'2018-01-15': 1094609, u'2018-03-05': 728739, u'2017-05-29': 755, u'2017-07-03': 556511, u'2017-08-21': 922762, u'2017-11-06': 847247, u'2017-05-22': 547, u'2017-07-24': 908563, u'2017-04-24': 62, u'2017-11-20': 713976, u'2017-05-01': 145, u'2017-10-16': 736206, u'2018-04-02': 838857, u'2017-04-03': 29, u'2017-03-27': 9, u'2018-02-26': 833093, u'2018-04-09': 876702, u'2017-05-08': 143, u'2017-06-26': 143975, u'2018-02-05': 739799, u'2017-09-18': 671405, u'2017-12-11': 1159624, u'2018-03-12': 842836, u'2017-12-18': 1137265, u'2017-09-11': 724163, u'2018-01-08': 1197764, u'2018-01-29': 892916, u'2018-03-19': 806187, u'2018-01-01': 1085687, u'2017-10-23': 704364, u'2018-01-22': 981465, u'2017-07-10': 981511, u'2017-10-09': 817602, u'2017-11-13': 843527, u'2017-08-14': 1007798, u'2017-08-28': 768998, u'2017-07-17': 980500, u'2018-03-26': 799216, u'2017-10-02': 453459, u'2017-07-31': 819797, u'2017-06-12': 11972, u'2017-04-17': 29, u'2018-04-16': 1078868, u'2017-04-10': 19, u'2018-02-12': 522438, u'2017-05-15': 190284, u'2017-06-19': 55519, u'2018-02-19': 693378, u'2017-10-30': 872129, u'2017-12-04': 1110635, u'2017-09-25': 576511, u'2017-06-05': 1283, u'2017-09-04': 861446, u'2017-12-25': 1256398, u'2017-08-07': 900596}
./output/读取故障车载_frequency_week_2018-04-25-13-04.png
./output/读取故障车载_ratio_week_2018-04-25-13-04.png
1 2
{u'2017-11-27': 1015189, u'2018-01-15': 1094609, u'2018-03-05': 728739, u'2017-05-29': 755, u'2017-07-03': 556511, u'2017-08-21': 922762, u'2017-11-06': 847247, u'2017-05-22': 547, u'2017-07-24': 908563, u'2017-04-24': 62, u'2017-11-20': 713976, u'2017-05-01': 145, u'2017-10-16': 736206, u'2018-04-02': 838857, u'2017-04-03': 29, u'2017-03-27': 9, u'2018-02-26': 833093, u'2018-04-09': 876702, u'2017-05-08': 143, u'2017-06-26': 143975, u'2018-02-05': 739799, u'2017-09-18': 671405, u'2017-12-11': 1159624, u'2018-03-12': 842836, u'2017-12-18': 1137265, u'2017-09-11': 724163, u'2018-01-08': 1197764, u'2018-01-29': 892916, u'2018-03-19': 806187, u'2018-01-01': 1085687, u'2017-10-23': 704364, u'2018-01-22': 981465, u'2017-07-10': 981511, u'2017-10-09': 817602, u'2017-11-13': 843527, u'2017-08-14': 1007798, u'2017-08-28': 768998, u'2017-07-17': 980500, u'2018-03-26': 799216, u'2017-10-02': 453459, u'2017-07-31': 819797, u'2017-06-12': 11972, u'2017-04-17': 29, u'2018-04-16': 1078868, u'2017-04-10': 19, u'2018-02-12': 522438, u'2017-05-15': 190284, u'2017-06-19': 55519, u'2018-02-19': 693378, u'2017-10-30': 872129, u'2017-12-04': 1110635, u'2017-09-25': 576511, u'2017-06-05': 1283, u'2017-09-04': 861446, u'2017-12-25': 1256398, u'2017-08-07': 900596}
./output/巡航系统车载_frequency_week_2018-04-25-13-04.png
./output/巡航系统车载_ratio_week_2018-04-25-13-04.png
1 2
{u'2017-11-27': 1015189, u'2018-01-15': 1094609, u'2018-03-05': 728739, u'2017-05-29': 755, u'2017-07-03': 556511, u'2017-08-21': 922762, u'2017-11-06': 847247, u'2017-05-22': 547, u'2017-07-24': 908563, u'2017-04-24': 62, u'2017-11-20': 713976, u'2017-05-01': 145, u'2017-10-16': 736206, u'2018-04-02': 838857, u'2017-04-03': 29, u'2017-03-27': 9, u'2018-02-26': 833093, u'2018-04-09': 876702, u'2017-05-08': 143, u'2017-06-26': 143975, u'2018-02-05': 739799, u'2017-09-18': 671405, u'2017-12-11': 1159624, u'2018-03-12': 842836, u'2017-12-18': 1137265, u'2017-09-11': 724163, u'2018-01-08': 1197764, u'2018-01-29': 892916, u'2018-03-19': 806187, u'2018-01-01': 1085687, u'2017-10-23': 704364, u'2018-01-22': 981465, u'2017-07-10': 981511, u'2017-10-09': 817602, u'2017-11-13': 843527, u'2017-08-14': 1007798, u'2017-08-28': 768998, u'2017-07-17': 980500, u'2018-03-26': 799216, u'2017-10-02': 453459, u'2017-07-31': 819797, u'2017-06-12': 11972, u'2017-04-17': 29, u'2018-04-16': 1078868, u'2017-04-10': 19, u'2018-02-12': 522438, u'2017-05-15': 190284, u'2017-06-19': 55519, u'2018-02-19': 693378, u'2017-10-30': 872129, u'2017-12-04': 1110635, u'2017-09-25': 576511, u'2017-06-05': 1283, u'2017-09-04': 861446, u'2017-12-25': 1256398, u'2017-08-07': 900596}
./output/手机接管车载_frequency_week_2018-04-25-13-04.png
./output/手机接管车载_ratio_week_2018-04-25-13-04.png
1 2
{u'2017-11-27': 1015189, u'2018-01-15': 1094609, u'2018-03-05': 728739, u'2017-05-29': 755, u'2017-07-03': 556511, u'2017-08-21': 922762, u'2017-11-06': 847247, u'2017-05-22': 547, u'2017-07-24': 908563, u'2017-04-24': 62, u'2017-11-20': 713976, u'2017-05-01': 145, u'2017-10-16': 736206, u'2018-04-02': 838857, u'2017-04-03': 29, u'2017-03-27': 9, u'2018-02-26': 833093, u'2018-04-09': 876702, u'2017-05-08': 143, u'2017-06-26': 143975, u'2018-02-05': 739799, u'2017-09-18': 671405, u'2017-12-11': 1159624, u'2018-03-12': 842836, u'2017-12-18': 1137265, u'2017-09-11': 724163, u'2018-01-08': 1197764, u'2018-01-29': 892916, u'2018-03-19': 806187, u'2018-01-01': 1085687, u'2017-10-23': 704364, u'2018-01-22': 981465, u'2017-07-10': 981511, u'2017-10-09': 817602, u'2017-11-13': 843527, u'2017-08-14': 1007798, u'2017-08-28': 768998, u'2017-07-17': 980500, u'2018-03-26': 799216, u'2017-10-02': 453459, u'2017-07-31': 819797, u'2017-06-12': 11972, u'2017-04-17': 29, u'2018-04-16': 1078868, u'2017-04-10': 19, u'2018-02-12': 522438, u'2017-05-15': 190284, u'2017-06-19': 55519, u'2018-02-19': 693378, u'2017-10-30': 872129, u'2017-12-04': 1110635, u'2017-09-25': 576511, u'2017-06-05': 1283, u'2017-09-04': 861446, u'2017-12-25': 1256398, u'2017-08-07': 900596}
./output/疲劳驾驶车载_frequency_week_2018-04-25-13-06.png
./output/疲劳驾驶车载_ratio_week_2018-04-25-13-06.png
1 2
{u'2017-11-27': 1015189, u'2018-01-15': 1094609, u'2018-03-05': 728739, u'2017-05-29': 755, u'2017-07-03': 556511, u'2017-08-21': 922762, u'2017-11-06': 847247, u'2017-05-22': 547, u'2017-07-24': 908563, u'2017-04-24': 62, u'2017-11-20': 713976, u'2017-05-01': 145, u'2017-10-16': 736206, u'2018-04-02': 838857, u'2017-04-03': 29, u'2017-03-27': 9, u'2018-02-26': 833093, u'2018-04-09': 876702, u'2017-05-08': 143, u'2017-06-26': 143975, u'2018-02-05': 739799, u'2017-09-18': 671405, u'2017-12-11': 1159624, u'2018-03-12': 842836, u'2017-12-18': 1137265, u'2017-09-11': 724163, u'2018-01-08': 1197764, u'2018-01-29': 892916, u'2018-03-19': 806187, u'2018-01-01': 1085687, u'2017-10-23': 704364, u'2018-01-22': 981465, u'2017-07-10': 981511, u'2017-10-09': 817602, u'2017-11-13': 843527, u'2017-08-14': 1007798, u'2017-08-28': 768998, u'2017-07-17': 980500, u'2018-03-26': 799216, u'2017-10-02': 453459, u'2017-07-31': 819797, u'2017-06-12': 11972, u'2017-04-17': 29, u'2018-04-16': 1078868, u'2017-04-10': 19, u'2018-02-12': 522438, u'2017-05-15': 190284, u'2017-06-19': 55519, u'2018-02-19': 693378, u'2017-10-30': 872129, u'2017-12-04': 1110635, u'2017-09-25': 576511, u'2017-06-05': 1283, u'2017-09-04': 861446, u'2017-12-25': 1256398, u'2017-08-07': 900596}
./output/无人驾驶车载_frequency_week_2018-04-25-13-06.png
./output/无人驾驶车载_ratio_week_2018-04-25-13-06.png
1 2
{u'2017-11-27': 1015189, u'2018-01-15': 1094609, u'2018-03-05': 728739, u'2017-05-29': 755, u'2017-07-03': 556511, u'2017-08-21': 922762, u'2017-11-06': 847247, u'2017-05-22': 547, u'2017-07-24': 908563, u'2017-04-24': 62, u'2017-11-20': 713976, u'2017-05-01': 145, u'2017-10-16': 736206, u'2018-04-02': 838857, u'2017-04-03': 29, u'2017-03-27': 9, u'2018-02-26': 833093, u'2018-04-09': 876702, u'2017-05-08': 143, u'2017-06-26': 143975, u'2018-02-05': 739799, u'2017-09-18': 671405, u'2017-12-11': 1159624, u'2018-03-12': 842836, u'2017-12-18': 1137265, u'2017-09-11': 724163, u'2018-01-08': 1197764, u'2018-01-29': 892916, u'2018-03-19': 806187, u'2018-01-01': 1085687, u'2017-10-23': 704364, u'2018-01-22': 981465, u'2017-07-10': 981511, u'2017-10-09': 817602, u'2017-11-13': 843527, u'2017-08-14': 1007798, u'2017-08-28': 768998, u'2017-07-17': 980500, u'2018-03-26': 799216, u'2017-10-02': 453459, u'2017-07-31': 819797, u'2017-06-12': 11972, u'2017-04-17': 29, u'2018-04-16': 1078868, u'2017-04-10': 19, u'2018-02-12': 522438, u'2017-05-15': 190284, u'2017-06-19': 55519, u'2018-02-19': 693378, u'2017-10-30': 872129, u'2017-12-04': 1110635, u'2017-09-25': 576511, u'2017-06-05': 1283, u'2017-09-04': 861446, u'2017-12-25': 1256398, u'2017-08-07': 900596}
./output/语言控制车载_frequency_week_2018-04-25-13-15.png
./output/语言控制车载_ratio_week_2018-04-25-13-15.png
1 2
{u'2017-11-27': 1015189, u'2018-01-15': 1094609, u'2018-03-05': 728739, u'2017-05-29': 755, u'2017-07-03': 556511, u'2017-08-21': 922762, u'2017-11-06': 847247, u'2017-05-22': 547, u'2017-07-24': 908563, u'2017-04-24': 62, u'2017-11-20': 713976, u'2017-05-01': 145, u'2017-10-16': 736206, u'2018-04-02': 838857, u'2017-04-03': 29, u'2017-03-27': 9, u'2018-02-26': 833093, u'2018-04-09': 876702, u'2017-05-08': 143, u'2017-06-26': 143975, u'2018-02-05': 739799, u'2017-09-18': 671405, u'2017-12-11': 1159624, u'2018-03-12': 842836, u'2017-12-18': 1137265, u'2017-09-11': 724163, u'2018-01-08': 1197764, u'2018-01-29': 892916, u'2018-03-19': 806187, u'2018-01-01': 1085687, u'2017-10-23': 704364, u'2018-01-22': 981465, u'2017-07-10': 981511, u'2017-10-09': 817602, u'2017-11-13': 843527, u'2017-08-14': 1007798, u'2017-08-28': 768998, u'2017-07-17': 980500, u'2018-03-26': 799216, u'2017-10-02': 453459, u'2017-07-31': 819797, u'2017-06-12': 11972, u'2017-04-17': 29, u'2018-04-16': 1078868, u'2017-04-10': 19, u'2018-02-12': 522438, u'2017-05-15': 190284, u'2017-06-19': 55519, u'2018-02-19': 693378, u'2017-10-30': 872129, u'2017-12-04': 1110635, u'2017-09-25': 576511, u'2017-06-05': 1283, u'2017-09-04': 861446, u'2017-12-25': 1256398, u'2017-08-07': 900596}
./output/生态资源车载_frequency_week_2018-04-25-13-15.png
./output/生态资源车载_ratio_week_2018-04-25-13-15.png
1 2
{u'2017-11-27': 1015189, u'2018-01-15': 1094609, u'2018-03-05': 728739, u'2017-05-29': 755, u'2017-07-03': 556511, u'2017-08-21': 922762, u'2017-11-06': 847247, u'2017-05-22': 547, u'2017-07-24': 908563, u'2017-04-24': 62, u'2017-11-20': 713976, u'2017-05-01': 145, u'2017-10-16': 736206, u'2018-04-02': 838857, u'2017-04-03': 29, u'2017-03-27': 9, u'2018-02-26': 833093, u'2018-04-09': 876702, u'2017-05-08': 143, u'2017-06-26': 143975, u'2018-02-05': 739799, u'2017-09-18': 671405, u'2017-12-11': 1159624, u'2018-03-12': 842836, u'2017-12-18': 1137265, u'2017-09-11': 724163, u'2018-01-08': 1197764, u'2018-01-29': 892916, u'2018-03-19': 806187, u'2018-01-01': 1085687, u'2017-10-23': 704364, u'2018-01-22': 981465, u'2017-07-10': 981511, u'2017-10-09': 817602, u'2017-11-13': 843527, u'2017-08-14': 1007798, u'2017-08-28': 768998, u'2017-07-17': 980500, u'2018-03-26': 799216, u'2017-10-02': 453459, u'2017-07-31': 819797, u'2017-06-12': 11972, u'2017-04-17': 29, u'2018-04-16': 1078868, u'2017-04-10': 19, u'2018-02-12': 522438, u'2017-05-15': 190284, u'2017-06-19': 55519, u'2018-02-19': 693378, u'2017-10-30': 872129, u'2017-12-04': 1110635, u'2017-09-25': 576511, u'2017-06-05': 1283, u'2017-09-04': 861446, u'2017-12-25': 1256398, u'2017-08-07': 900596}
./output/环视摄像头车载_frequency_week_2018-04-25-13-16.png
./output/环视摄像头车载_ratio_week_2018-04-25-13-16.png
1 2
{u'2017-11-27': 1015189, u'2018-01-15': 1094609, u'2018-03-05': 728739, u'2017-05-29': 755, u'2017-07-03': 556511, u'2017-08-21': 922762, u'2017-11-06': 847247, u'2017-05-22': 547, u'2017-07-24': 908563, u'2017-04-24': 62, u'2017-11-20': 713976, u'2017-05-01': 145, u'2017-10-16': 736206, u'2018-04-02': 838857, u'2017-04-03': 29, u'2017-03-27': 9, u'2018-02-26': 833093, u'2018-04-09': 876702, u'2017-05-08': 143, u'2017-06-26': 143975, u'2018-02-05': 739799, u'2017-09-18': 671405, u'2017-12-11': 1159624, u'2018-03-12': 842836, u'2017-12-18': 1137265, u'2017-09-11': 724163, u'2018-01-08': 1197764, u'2018-01-29': 892916, u'2018-03-19': 806187, u'2018-01-01': 1085687, u'2017-10-23': 704364, u'2018-01-22': 981465, u'2017-07-10': 981511, u'2017-10-09': 817602, u'2017-11-13': 843527, u'2017-08-14': 1007798, u'2017-08-28': 768998, u'2017-07-17': 980500, u'2018-03-26': 799216, u'2017-10-02': 453459, u'2017-07-31': 819797, u'2017-06-12': 11972, u'2017-04-17': 29, u'2018-04-16': 1078868, u'2017-04-10': 19, u'2018-02-12': 522438, u'2017-05-15': 190284, u'2017-06-19': 55519, u'2018-02-19': 693378, u'2017-10-30': 872129, u'2017-12-04': 1110635, u'2017-09-25': 576511, u'2017-06-05': 1283, u'2017-09-04': 861446, u'2017-12-25': 1256398, u'2017-08-07': 900596}
./output/出行管家车载_frequency_week_2018-04-25-13-17.png
./output/出行管家车载_ratio_week_2018-04-25-13-17.png
1 2
{u'2017-11-27': 1015189, u'2018-01-15': 1094609, u'2018-03-05': 728739, u'2017-05-29': 755, u'2017-07-03': 556511, u'2017-08-21': 922762, u'2017-11-06': 847247, u'2017-05-22': 547, u'2017-07-24': 908563, u'2017-04-24': 62, u'2017-11-20': 713976, u'2017-05-01': 145, u'2017-10-16': 736206, u'2018-04-02': 838857, u'2017-04-03': 29, u'2017-03-27': 9, u'2018-02-26': 833093, u'2018-04-09': 876702, u'2017-05-08': 143, u'2017-06-26': 143975, u'2018-02-05': 739799, u'2017-09-18': 671405, u'2017-12-11': 1159624, u'2018-03-12': 842836, u'2017-12-18': 1137265, u'2017-09-11': 724163, u'2018-01-08': 1197764, u'2018-01-29': 892916, u'2018-03-19': 806187, u'2018-01-01': 1085687, u'2017-10-23': 704364, u'2018-01-22': 981465, u'2017-07-10': 981511, u'2017-10-09': 817602, u'2017-11-13': 843527, u'2017-08-14': 1007798, u'2017-08-28': 768998, u'2017-07-17': 980500, u'2018-03-26': 799216, u'2017-10-02': 453459, u'2017-07-31': 819797, u'2017-06-12': 11972, u'2017-04-17': 29, u'2018-04-16': 1078868, u'2017-04-10': 19, u'2018-02-12': 522438, u'2017-05-15': 190284, u'2017-06-19': 55519, u'2018-02-19': 693378, u'2017-10-30': 872129, u'2017-12-04': 1110635, u'2017-09-25': 576511, u'2017-06-05': 1283, u'2017-09-04': 861446, u'2017-12-25': 1256398, u'2017-08-07': 900596}
./output/出行管家车载_frequency_week_2018-04-25-13-17.png
./output/出行管家车载_ratio_week_2018-04-25-13-17.png
1 2
{u'2017-11-27': 1015189, u'2018-01-15': 1094609, u'2018-03-05': 728739, u'2017-05-29': 755, u'2017-07-03': 556511, u'2017-08-21': 922762, u'2017-11-06': 847247, u'2017-05-22': 547, u'2017-07-24': 908563, u'2017-04-24': 62, u'2017-11-20': 713976, u'2017-05-01': 145, u'2017-10-16': 736206, u'2018-04-02': 838857, u'2017-04-03': 29, u'2017-03-27': 9, u'2018-02-26': 833093, u'2018-04-09': 876702, u'2017-05-08': 143, u'2017-06-26': 143975, u'2018-02-05': 739799, u'2017-09-18': 671405, u'2017-12-11': 1159624, u'2018-03-12': 842836, u'2017-12-18': 1137265, u'2017-09-11': 724163, u'2018-01-08': 1197764, u'2018-01-29': 892916, u'2018-03-19': 806187, u'2018-01-01': 1085687, u'2017-10-23': 704364, u'2018-01-22': 981465, u'2017-07-10': 981511, u'2017-10-09': 817602, u'2017-11-13': 843527, u'2017-08-14': 1007798, u'2017-08-28': 768998, u'2017-07-17': 980500, u'2018-03-26': 799216, u'2017-10-02': 453459, u'2017-07-31': 819797, u'2017-06-12': 11972, u'2017-04-17': 29, u'2018-04-16': 1078868, u'2017-04-10': 19, u'2018-02-12': 522438, u'2017-05-15': 190284, u'2017-06-19': 55519, u'2018-02-19': 693378, u'2017-10-30': 872129, u'2017-12-04': 1110635, u'2017-09-25': 576511, u'2017-06-05': 1283, u'2017-09-04': 861446, u'2017-12-25': 1256398, u'2017-08-07': 900596}
./output/上网服务车载_frequency_week_2018-04-25-13-18.png
./output/上网服务车载_ratio_week_2018-04-25-13-18.png
1 2
{u'2017-11-27': 1015189, u'2018-01-15': 1094609, u'2018-03-05': 728739, u'2017-05-29': 755, u'2017-07-03': 556511, u'2017-08-21': 922762, u'2017-11-06': 847247, u'2017-05-22': 547, u'2017-07-24': 908563, u'2017-04-24': 62, u'2017-11-20': 713976, u'2017-05-01': 145, u'2017-10-16': 736206, u'2018-04-02': 838857, u'2017-04-03': 29, u'2017-03-27': 9, u'2018-02-26': 833093, u'2018-04-09': 876702, u'2017-05-08': 143, u'2017-06-26': 143975, u'2018-02-05': 739799, u'2017-09-18': 671405, u'2017-12-11': 1159624, u'2018-03-12': 842836, u'2017-12-18': 1137265, u'2017-09-11': 724163, u'2018-01-08': 1197764, u'2018-01-29': 892916, u'2018-03-19': 806187, u'2018-01-01': 1085687, u'2017-10-23': 704364, u'2018-01-22': 981465, u'2017-07-10': 981511, u'2017-10-09': 817602, u'2017-11-13': 843527, u'2017-08-14': 1007798, u'2017-08-28': 768998, u'2017-07-17': 980500, u'2018-03-26': 799216, u'2017-10-02': 453459, u'2017-07-31': 819797, u'2017-06-12': 11972, u'2017-04-17': 29, u'2018-04-16': 1078868, u'2017-04-10': 19, u'2018-02-12': 522438, u'2017-05-15': 190284, u'2017-06-19': 55519, u'2018-02-19': 693378, u'2017-10-30': 872129, u'2017-12-04': 1110635, u'2017-09-25': 576511, u'2017-06-05': 1283, u'2017-09-04': 861446, u'2017-12-25': 1256398, u'2017-08-07': 900596}
./output/车队集结车载_frequency_week_2018-04-25-13-19.png
./output/车队集结车载_ratio_week_2018-04-25-13-19.png
1 2
